<?xml version="1.0" encoding="UTF-8"?>
<!-- Generated by org.testng.reporters.JUnitReportReporter -->
<testsuite hostname="Zerins-MacBook-Air.local" failures="0" tests="1" name="automation.IOSBaseTest" time="79.177" errors="0" timestamp="09 Oct 2023 12:01:52 GMT" skipped="0">
  <testcase classname="automation.IOSBaseTest" name="ConfigureAppium" time="79.177"/>
</testsuite> <!-- automation.IOSBaseTest -->
