<?xml version="1.0" encoding="UTF-8"?>
<!-- Generated by org.testng.reporters.JUnitReportReporter -->
<testsuite hostname="Zerins-MacBook-Air.local" failures="0" tests="2" name="automation.IOSBasics" time="8.876" errors="0" timestamp="09 Oct 2023 12:26:39 GMT" skipped="0">
  <testcase classname="automation.IOSBasics" name="ConfigureAppium" time="3.704"/>
  <testcase classname="automation.IOSBasics" name="IOSBasicTest" time="5.172"/>
</testsuite> <!-- automation.IOSBasics -->
