<?xml version="1.0" encoding="UTF-8"?>
<!-- Generated by org.testng.reporters.JUnitReportReporter -->
<testsuite hostname="Zerins-MacBook-Air.local" failures="0" tests="1" name="automation.ecommerce_tc_1" time="25.315" errors="0" timestamp="27 Sep 2023 11:13:52 GMT" skipped="0">
  <testcase classname="automation.ecommerce_tc_1" name="FillForm" time="25.315"/>
</testsuite> <!-- automation.ecommerce_tc_1 -->
